2026-01-01 01:13:56,268 - INFO - Initialized Binance connection
2026-01-01 01:13:56,268 - INFO - Fetching 1000 1w candles for BTC/USDT
2026-01-01 01:13:58,494 - INFO - Fetched 438 candles for BTC/USDT 1w
2026-01-01 01:13:58,514 - INFO - Removed last incomplete candle, 437 complete candles remaining
2026-01-01 02:57:39,836 - INFO - Initialized Binance connection
2026-01-01 02:57:39,837 - INFO - Fetching 1000 1w candles for BTC/USDT
2026-01-01 02:57:42,750 - INFO - Fetched 438 candles for BTC/USDT 1w
2026-01-01 02:57:42,757 - INFO - Removed last incomplete candle, 437 complete candles remaining
2026-01-01 02:58:46,878 - INFO - Initialized Binance connection
2026-01-01 02:58:46,879 - INFO - Fetching 1000 1w candles for BTC/USDT
2026-01-01 02:58:48,040 - INFO - Fetched 428 candles for BTC/USDT 1w
2026-01-01 02:58:48,047 - INFO - Removed last incomplete candle, 427 complete candles remaining
2026-01-01 03:03:31,785 - INFO - Initialized Binance connection
2026-01-01 03:03:31,786 - INFO - Fetching 1000 1w candles for BTC/USDT
2026-01-01 03:03:33,514 - INFO - Fetched 428 candles for BTC/USDT 1w
2026-01-01 03:03:33,521 - INFO - Removed last incomplete candle, 427 complete candles remaining
2026-01-01 17:08:07,331 - INFO - Initialized Binance connection
2026-01-01 17:08:07,332 - INFO - Fetching 1000 1w candles for BTC/USDT
2026-01-01 17:08:10,689 - INFO - Fetched 428 candles for BTC/USDT 1w
2026-01-01 17:08:10,734 - INFO - Removed last incomplete candle, 427 complete candles remaining
2026-01-01 17:12:35,248 - INFO - Initialized Binance connection
2026-01-01 17:12:35,249 - INFO - Fetching 1000 1d candles for BTC/USDT
2026-01-01 17:12:37,061 - INFO - Fetched 500 candles for BTC/USDT 1d
2026-01-01 17:12:37,076 - INFO - Removed last incomplete candle, 499 complete candles remaining
