2026-01-03 20:45:07,721 - INFO - Initialized Binance connection
2026-01-03 20:45:07,735 - INFO - Connected to PostgreSQL
/home/thefutur/tradingbot/market_scanner/insert_5m.py:39: DeprecationWarning: datetime.datetime.utcnow() is deprecated and scheduled for removal in a future version. Use timezone-aware objects to represent datetimes in UTC: datetime.datetime.now(datetime.UTC).
  logger.info(f"=== Starting 5m candle insertion at {datetime.utcnow()} UTC ===")
2026-01-03 20:45:07,736 - INFO - === Starting 5m candle insertion at 2026-01-03 20:45:07.736167 UTC ===
2026-01-03 20:45:07,736 - INFO - Fetching 60 5m candles for BTC/USDT
2026-01-03 20:45:10,409 - INFO - Fetched 60 candles for BTC/USDT 5m
2026-01-03 20:45:10,419 - INFO - Removed last incomplete candle, 59 complete candles remaining
2026-01-03 20:45:10,427 - INFO - Inserted 1 candles into btcusdt_5m
2026-01-03 20:45:10,427 - INFO - ✓ BTC/USDT 5m candle inserted
2026-01-03 20:45:10,427 - INFO - Fetching 60 5m candles for ETH/USDT
2026-01-03 20:45:10,612 - INFO - Fetched 60 candles for ETH/USDT 5m
2026-01-03 20:45:10,621 - INFO - Removed last incomplete candle, 59 complete candles remaining
2026-01-03 20:45:10,626 - INFO - Inserted 1 candles into ethusdt_5m
2026-01-03 20:45:10,627 - INFO - ✓ ETH/USDT 5m candle inserted
2026-01-03 20:45:10,627 - INFO - Fetching 60 5m candles for LTC/USDT
2026-01-03 20:45:10,805 - INFO - Fetched 60 candles for LTC/USDT 5m
2026-01-03 20:45:10,808 - INFO - Removed last incomplete candle, 59 complete candles remaining
2026-01-03 20:45:10,811 - INFO - Inserted 1 candles into ltcusdt_5m
2026-01-03 20:45:10,811 - INFO - ✓ LTC/USDT 5m candle inserted
2026-01-03 20:45:10,811 - INFO - Fetching 60 5m candles for XRP/USDT
2026-01-03 20:45:10,985 - INFO - Fetched 60 candles for XRP/USDT 5m
2026-01-03 20:45:10,994 - INFO - Removed last incomplete candle, 59 complete candles remaining
2026-01-03 20:45:10,999 - INFO - Inserted 1 candles into xrpusdt_5m
2026-01-03 20:45:10,999 - INFO - ✓ XRP/USDT 5m candle inserted
2026-01-03 20:45:11,000 - INFO - Fetching 60 5m candles for DOGE/USDT
2026-01-03 20:45:11,176 - INFO - Fetched 60 candles for DOGE/USDT 5m
2026-01-03 20:45:11,184 - INFO - Removed last incomplete candle, 59 complete candles remaining
2026-01-03 20:45:11,190 - INFO - Inserted 1 candles into dogeusdt_5m
2026-01-03 20:45:11,190 - INFO - ✓ DOGE/USDT 5m candle inserted
2026-01-03 20:45:11,190 - INFO - Fetching 60 5m candles for LINK/USDT
2026-01-03 20:45:11,366 - INFO - Fetched 60 candles for LINK/USDT 5m
2026-01-03 20:45:11,369 - INFO - Removed last incomplete candle, 59 complete candles remaining
2026-01-03 20:45:11,372 - INFO - Inserted 1 candles into linkusdt_5m
2026-01-03 20:45:11,372 - INFO - ✓ LINK/USDT 5m candle inserted
2026-01-03 20:45:11,372 - INFO - Fetching 60 5m candles for ADA/USDT
2026-01-03 20:45:11,546 - INFO - Fetched 60 candles for ADA/USDT 5m
2026-01-03 20:45:11,554 - INFO - Removed last incomplete candle, 59 complete candles remaining
2026-01-03 20:45:11,560 - INFO - Inserted 1 candles into adausdt_5m
2026-01-03 20:45:11,560 - INFO - ✓ ADA/USDT 5m candle inserted
2026-01-03 20:45:11,561 - INFO - Database connection closed
2026-01-03 20:45:11,561 - INFO - === 5m insertion complete: 7 success, 0 failed ===
2026-01-03 20:50:07,583 - INFO - Initialized Binance connection
2026-01-03 20:50:07,597 - INFO - Connected to PostgreSQL
/home/thefutur/tradingbot/market_scanner/insert_5m.py:39: DeprecationWarning: datetime.datetime.utcnow() is deprecated and scheduled for removal in a future version. Use timezone-aware objects to represent datetimes in UTC: datetime.datetime.now(datetime.UTC).
  logger.info(f"=== Starting 5m candle insertion at {datetime.utcnow()} UTC ===")
2026-01-03 20:50:07,597 - INFO - === Starting 5m candle insertion at 2026-01-03 20:50:07.597958 UTC ===
2026-01-03 20:50:07,598 - INFO - Fetching 60 5m candles for BTC/USDT
2026-01-03 20:50:10,458 - INFO - Fetched 60 candles for BTC/USDT 5m
2026-01-03 20:50:10,466 - INFO - Removed last incomplete candle, 59 complete candles remaining
2026-01-03 20:50:10,512 - INFO - Inserted 1 candles into btcusdt_5m
2026-01-03 20:50:10,512 - INFO - ✓ BTC/USDT 5m candle inserted
2026-01-03 20:50:10,513 - INFO - Fetching 60 5m candles for ETH/USDT
2026-01-03 20:50:10,705 - INFO - Fetched 60 candles for ETH/USDT 5m
2026-01-03 20:50:10,714 - INFO - Removed last incomplete candle, 59 complete candles remaining
2026-01-03 20:50:10,719 - INFO - Inserted 1 candles into ethusdt_5m
2026-01-03 20:50:10,720 - INFO - ✓ ETH/USDT 5m candle inserted
2026-01-03 20:50:10,720 - INFO - Fetching 60 5m candles for LTC/USDT
2026-01-03 20:50:10,894 - INFO - Fetched 60 candles for LTC/USDT 5m
2026-01-03 20:50:10,897 - INFO - Removed last incomplete candle, 59 complete candles remaining
2026-01-03 20:50:10,900 - INFO - Inserted 1 candles into ltcusdt_5m
2026-01-03 20:50:10,900 - INFO - ✓ LTC/USDT 5m candle inserted
2026-01-03 20:50:10,900 - INFO - Fetching 60 5m candles for XRP/USDT
2026-01-03 20:50:11,075 - INFO - Fetched 60 candles for XRP/USDT 5m
2026-01-03 20:50:11,083 - INFO - Removed last incomplete candle, 59 complete candles remaining
2026-01-03 20:50:11,090 - INFO - Inserted 1 candles into xrpusdt_5m
2026-01-03 20:50:11,090 - INFO - ✓ XRP/USDT 5m candle inserted
2026-01-03 20:50:11,090 - INFO - Fetching 60 5m candles for DOGE/USDT
2026-01-03 20:50:11,266 - INFO - Fetched 60 candles for DOGE/USDT 5m
2026-01-03 20:50:11,275 - INFO - Removed last incomplete candle, 59 complete candles remaining
2026-01-03 20:50:11,280 - INFO - Inserted 1 candles into dogeusdt_5m
2026-01-03 20:50:11,280 - INFO - ✓ DOGE/USDT 5m candle inserted
2026-01-03 20:50:11,281 - INFO - Fetching 60 5m candles for LINK/USDT
2026-01-03 20:50:11,463 - INFO - Fetched 60 candles for LINK/USDT 5m
2026-01-03 20:50:11,466 - INFO - Removed last incomplete candle, 59 complete candles remaining
2026-01-03 20:50:11,470 - INFO - Inserted 1 candles into linkusdt_5m
2026-01-03 20:50:11,470 - INFO - ✓ LINK/USDT 5m candle inserted
2026-01-03 20:50:11,470 - INFO - Fetching 60 5m candles for ADA/USDT
2026-01-03 20:50:11,650 - INFO - Fetched 60 candles for ADA/USDT 5m
2026-01-03 20:50:11,659 - INFO - Removed last incomplete candle, 59 complete candles remaining
2026-01-03 20:50:11,665 - INFO - Inserted 1 candles into adausdt_5m
2026-01-03 20:50:11,666 - INFO - ✓ ADA/USDT 5m candle inserted
2026-01-03 20:50:11,666 - INFO - Database connection closed
2026-01-03 20:50:11,666 - INFO - === 5m insertion complete: 7 success, 0 failed ===
2026-01-03 20:55:07,681 - INFO - Initialized Binance connection
2026-01-03 20:55:07,695 - INFO - Connected to PostgreSQL
/home/thefutur/tradingbot/market_scanner/insert_5m.py:39: DeprecationWarning: datetime.datetime.utcnow() is deprecated and scheduled for removal in a future version. Use timezone-aware objects to represent datetimes in UTC: datetime.datetime.now(datetime.UTC).
  logger.info(f"=== Starting 5m candle insertion at {datetime.utcnow()} UTC ===")
2026-01-03 20:55:07,695 - INFO - === Starting 5m candle insertion at 2026-01-03 20:55:07.695904 UTC ===
2026-01-03 20:55:07,695 - INFO - Fetching 60 5m candles for BTC/USDT
2026-01-03 20:55:10,456 - INFO - Fetched 60 candles for BTC/USDT 5m
2026-01-03 20:55:10,461 - INFO - Removed last incomplete candle, 59 complete candles remaining
2026-01-03 20:55:10,505 - INFO - Inserted 1 candles into btcusdt_5m
2026-01-03 20:55:10,505 - INFO - ✓ BTC/USDT 5m candle inserted
2026-01-03 20:55:10,505 - INFO - Fetching 60 5m candles for ETH/USDT
2026-01-03 20:55:10,688 - INFO - Fetched 60 candles for ETH/USDT 5m
2026-01-03 20:55:10,697 - INFO - Removed last incomplete candle, 59 complete candles remaining
2026-01-03 20:55:10,703 - INFO - Inserted 1 candles into ethusdt_5m
2026-01-03 20:55:10,703 - INFO - ✓ ETH/USDT 5m candle inserted
2026-01-03 20:55:10,704 - INFO - Fetching 60 5m candles for LTC/USDT
2026-01-03 20:55:10,882 - INFO - Fetched 60 candles for LTC/USDT 5m
2026-01-03 20:55:10,885 - INFO - Removed last incomplete candle, 59 complete candles remaining
2026-01-03 20:55:10,888 - INFO - Inserted 1 candles into ltcusdt_5m
2026-01-03 20:55:10,888 - INFO - ✓ LTC/USDT 5m candle inserted
2026-01-03 20:55:10,888 - INFO - Fetching 60 5m candles for XRP/USDT
2026-01-03 20:55:11,090 - INFO - Fetched 60 candles for XRP/USDT 5m
2026-01-03 20:55:11,099 - INFO - Removed last incomplete candle, 59 complete candles remaining
2026-01-03 20:55:11,105 - INFO - Inserted 1 candles into xrpusdt_5m
2026-01-03 20:55:11,105 - INFO - ✓ XRP/USDT 5m candle inserted
2026-01-03 20:55:11,105 - INFO - Fetching 60 5m candles for DOGE/USDT
2026-01-03 20:55:11,285 - INFO - Fetched 60 candles for DOGE/USDT 5m
2026-01-03 20:55:11,294 - INFO - Removed last incomplete candle, 59 complete candles remaining
2026-01-03 20:55:11,300 - INFO - Inserted 1 candles into dogeusdt_5m
2026-01-03 20:55:11,300 - INFO - ✓ DOGE/USDT 5m candle inserted
2026-01-03 20:55:11,300 - INFO - Fetching 60 5m candles for LINK/USDT
2026-01-03 20:55:11,478 - INFO - Fetched 60 candles for LINK/USDT 5m
2026-01-03 20:55:11,481 - INFO - Removed last incomplete candle, 59 complete candles remaining
2026-01-03 20:55:11,485 - INFO - Inserted 1 candles into linkusdt_5m
2026-01-03 20:55:11,485 - INFO - ✓ LINK/USDT 5m candle inserted
2026-01-03 20:55:11,485 - INFO - Fetching 60 5m candles for ADA/USDT
2026-01-03 20:55:11,662 - INFO - Fetched 60 candles for ADA/USDT 5m
2026-01-03 20:55:11,672 - INFO - Removed last incomplete candle, 59 complete candles remaining
2026-01-03 20:55:11,678 - INFO - Inserted 1 candles into adausdt_5m
2026-01-03 20:55:11,678 - INFO - ✓ ADA/USDT 5m candle inserted
2026-01-03 20:55:11,679 - INFO - Database connection closed
2026-01-03 20:55:11,679 - INFO - === 5m insertion complete: 7 success, 0 failed ===
/bin/sh: 1: /home/thefutur/tradingbot/market_scanner/.venv/bin/python: not found
/bin/sh: 1: /home/thefutur/tradingbot/market_scanner/.venv/bin/python: not found
/bin/sh: 1: /home/thefutur/tradingbot/market_scanner/.venv/bin/python: not found
2026-01-03 21:15:06,819 - INFO - Initialized Binance connection
2026-01-03 21:15:06,833 - INFO - Connected to PostgreSQL
/home/thefutur/tradingbot/market_scanner/insert_5m.py:39: DeprecationWarning: datetime.datetime.utcnow() is deprecated and scheduled for removal in a future version. Use timezone-aware objects to represent datetimes in UTC: datetime.datetime.now(datetime.UTC).
  logger.info(f"=== Starting 5m candle insertion at {datetime.utcnow()} UTC ===")
2026-01-03 21:15:06,833 - INFO - === Starting 5m candle insertion at 2026-01-03 21:15:06.833753 UTC ===
2026-01-03 21:15:06,833 - INFO - Fetching 60 5m candles for BTC/USDT
2026-01-03 21:15:10,017 - INFO - Fetched 60 candles for BTC/USDT 5m
2026-01-03 21:15:10,022 - INFO - Removed last incomplete candle, 59 complete candles remaining
2026-01-03 21:15:10,065 - INFO - Inserted 1 candles into btcusdt_5m
2026-01-03 21:15:10,065 - INFO - ✓ BTC/USDT 5m candle inserted
2026-01-03 21:15:10,065 - INFO - Fetching 60 5m candles for ETH/USDT
2026-01-03 21:15:10,240 - INFO - Fetched 60 candles for ETH/USDT 5m
2026-01-03 21:15:10,249 - INFO - Removed last incomplete candle, 59 complete candles remaining
2026-01-03 21:15:10,255 - INFO - Inserted 1 candles into ethusdt_5m
2026-01-03 21:15:10,255 - INFO - ✓ ETH/USDT 5m candle inserted
2026-01-03 21:15:10,255 - INFO - Fetching 60 5m candles for LTC/USDT
2026-01-03 21:15:10,431 - INFO - Fetched 60 candles for LTC/USDT 5m
2026-01-03 21:15:10,435 - INFO - Removed last incomplete candle, 59 complete candles remaining
2026-01-03 21:15:10,439 - INFO - Inserted 1 candles into ltcusdt_5m
2026-01-03 21:15:10,439 - INFO - ✓ LTC/USDT 5m candle inserted
2026-01-03 21:15:10,439 - INFO - Fetching 60 5m candles for XRP/USDT
2026-01-03 21:15:10,611 - INFO - Fetched 60 candles for XRP/USDT 5m
2026-01-03 21:15:10,620 - INFO - Removed last incomplete candle, 59 complete candles remaining
2026-01-03 21:15:10,625 - INFO - Inserted 1 candles into xrpusdt_5m
2026-01-03 21:15:10,626 - INFO - ✓ XRP/USDT 5m candle inserted
2026-01-03 21:15:10,626 - INFO - Fetching 60 5m candles for DOGE/USDT
2026-01-03 21:15:10,801 - INFO - Fetched 60 candles for DOGE/USDT 5m
2026-01-03 21:15:10,810 - INFO - Removed last incomplete candle, 59 complete candles remaining
2026-01-03 21:15:10,816 - INFO - Inserted 1 candles into dogeusdt_5m
2026-01-03 21:15:10,816 - INFO - ✓ DOGE/USDT 5m candle inserted
2026-01-03 21:15:10,816 - INFO - Fetching 60 5m candles for LINK/USDT
2026-01-03 21:15:10,997 - INFO - Fetched 60 candles for LINK/USDT 5m
2026-01-03 21:15:11,000 - INFO - Removed last incomplete candle, 59 complete candles remaining
2026-01-03 21:15:11,003 - INFO - Inserted 1 candles into linkusdt_5m
2026-01-03 21:15:11,003 - INFO - ✓ LINK/USDT 5m candle inserted
2026-01-03 21:15:11,003 - INFO - Fetching 60 5m candles for ADA/USDT
2026-01-03 21:15:11,183 - INFO - Fetched 60 candles for ADA/USDT 5m
2026-01-03 21:15:11,193 - INFO - Removed last incomplete candle, 59 complete candles remaining
2026-01-03 21:15:11,197 - INFO - Inserted 1 candles into adausdt_5m
2026-01-03 21:15:11,197 - INFO - ✓ ADA/USDT 5m candle inserted
2026-01-03 21:15:11,198 - INFO - Database connection closed
2026-01-03 21:15:11,198 - INFO - === 5m insertion complete: 7 success, 0 failed ===
2026-01-03 21:20:07,217 - INFO - Initialized Binance connection
2026-01-03 21:20:07,231 - INFO - Connected to PostgreSQL
/home/thefutur/tradingbot/market_scanner/insert_5m.py:39: DeprecationWarning: datetime.datetime.utcnow() is deprecated and scheduled for removal in a future version. Use timezone-aware objects to represent datetimes in UTC: datetime.datetime.now(datetime.UTC).
  logger.info(f"=== Starting 5m candle insertion at {datetime.utcnow()} UTC ===")
2026-01-03 21:20:07,231 - INFO - === Starting 5m candle insertion at 2026-01-03 21:20:07.231966 UTC ===
2026-01-03 21:20:07,232 - INFO - Fetching 60 5m candles for BTC/USDT
2026-01-03 21:20:09,957 - INFO - Fetched 60 candles for BTC/USDT 5m
2026-01-03 21:20:09,962 - INFO - Removed last incomplete candle, 59 complete candles remaining
2026-01-03 21:20:10,006 - INFO - Inserted 1 candles into btcusdt_5m
2026-01-03 21:20:10,007 - INFO - ✓ BTC/USDT 5m candle inserted
2026-01-03 21:20:10,007 - INFO - Fetching 60 5m candles for ETH/USDT
2026-01-03 21:20:10,185 - INFO - Fetched 60 candles for ETH/USDT 5m
2026-01-03 21:20:10,193 - INFO - Removed last incomplete candle, 59 complete candles remaining
2026-01-03 21:20:10,199 - INFO - Inserted 1 candles into ethusdt_5m
2026-01-03 21:20:10,199 - INFO - ✓ ETH/USDT 5m candle inserted
2026-01-03 21:20:10,200 - INFO - Fetching 60 5m candles for LTC/USDT
2026-01-03 21:20:10,381 - INFO - Fetched 60 candles for LTC/USDT 5m
2026-01-03 21:20:10,384 - INFO - Removed last incomplete candle, 59 complete candles remaining
2026-01-03 21:20:10,387 - INFO - Inserted 1 candles into ltcusdt_5m
2026-01-03 21:20:10,387 - INFO - ✓ LTC/USDT 5m candle inserted
2026-01-03 21:20:10,387 - INFO - Fetching 60 5m candles for XRP/USDT
2026-01-03 21:20:10,561 - INFO - Fetched 60 candles for XRP/USDT 5m
2026-01-03 21:20:10,570 - INFO - Removed last incomplete candle, 59 complete candles remaining
2026-01-03 21:20:10,575 - INFO - Inserted 1 candles into xrpusdt_5m
2026-01-03 21:20:10,575 - INFO - ✓ XRP/USDT 5m candle inserted
2026-01-03 21:20:10,576 - INFO - Fetching 60 5m candles for DOGE/USDT
2026-01-03 21:20:10,755 - INFO - Fetched 60 candles for DOGE/USDT 5m
2026-01-03 21:20:10,764 - INFO - Removed last incomplete candle, 59 complete candles remaining
2026-01-03 21:20:10,769 - INFO - Inserted 1 candles into dogeusdt_5m
2026-01-03 21:20:10,770 - INFO - ✓ DOGE/USDT 5m candle inserted
2026-01-03 21:20:10,770 - INFO - Fetching 60 5m candles for LINK/USDT
2026-01-03 21:20:10,947 - INFO - Fetched 60 candles for LINK/USDT 5m
2026-01-03 21:20:10,951 - INFO - Removed last incomplete candle, 59 complete candles remaining
2026-01-03 21:20:10,954 - INFO - Inserted 1 candles into linkusdt_5m
2026-01-03 21:20:10,954 - INFO - ✓ LINK/USDT 5m candle inserted
2026-01-03 21:20:10,954 - INFO - Fetching 60 5m candles for ADA/USDT
2026-01-03 21:20:11,133 - INFO - Fetched 60 candles for ADA/USDT 5m
2026-01-03 21:20:11,142 - INFO - Removed last incomplete candle, 59 complete candles remaining
2026-01-03 21:20:11,148 - INFO - Inserted 1 candles into adausdt_5m
2026-01-03 21:20:11,148 - INFO - ✓ ADA/USDT 5m candle inserted
2026-01-03 21:20:11,149 - INFO - Database connection closed
2026-01-03 21:20:11,149 - INFO - === 5m insertion complete: 7 success, 0 failed ===
2026-01-03 21:25:07,146 - INFO - Initialized Binance connection
2026-01-03 21:25:07,160 - INFO - Connected to PostgreSQL
/home/thefutur/tradingbot/market_scanner/insert_5m.py:39: DeprecationWarning: datetime.datetime.utcnow() is deprecated and scheduled for removal in a future version. Use timezone-aware objects to represent datetimes in UTC: datetime.datetime.now(datetime.UTC).
  logger.info(f"=== Starting 5m candle insertion at {datetime.utcnow()} UTC ===")
2026-01-03 21:25:07,160 - INFO - === Starting 5m candle insertion at 2026-01-03 21:25:07.160470 UTC ===
2026-01-03 21:25:07,160 - INFO - Fetching 60 5m candles for BTC/USDT
2026-01-03 21:25:09,740 - INFO - Fetched 60 candles for BTC/USDT 5m
2026-01-03 21:25:09,748 - INFO - Removed last incomplete candle, 59 complete candles remaining
2026-01-03 21:25:09,793 - INFO - Inserted 1 candles into btcusdt_5m
2026-01-03 21:25:09,793 - INFO - ✓ BTC/USDT 5m candle inserted
2026-01-03 21:25:09,793 - INFO - Fetching 60 5m candles for ETH/USDT
2026-01-03 21:25:09,995 - INFO - Fetched 60 candles for ETH/USDT 5m
2026-01-03 21:25:09,998 - INFO - Removed last incomplete candle, 59 complete candles remaining
2026-01-03 21:25:10,001 - INFO - Inserted 1 candles into ethusdt_5m
2026-01-03 21:25:10,001 - INFO - ✓ ETH/USDT 5m candle inserted
2026-01-03 21:25:10,001 - INFO - Fetching 60 5m candles for LTC/USDT
2026-01-03 21:25:10,174 - INFO - Fetched 60 candles for LTC/USDT 5m
2026-01-03 21:25:10,182 - INFO - Removed last incomplete candle, 59 complete candles remaining
2026-01-03 21:25:10,188 - INFO - Inserted 1 candles into ltcusdt_5m
2026-01-03 21:25:10,188 - INFO - ✓ LTC/USDT 5m candle inserted
2026-01-03 21:25:10,188 - INFO - Fetching 60 5m candles for XRP/USDT
2026-01-03 21:25:10,365 - INFO - Fetched 60 candles for XRP/USDT 5m
2026-01-03 21:25:10,374 - INFO - Removed last incomplete candle, 59 complete candles remaining
2026-01-03 21:25:10,380 - INFO - Inserted 1 candles into xrpusdt_5m
2026-01-03 21:25:10,380 - INFO - ✓ XRP/USDT 5m candle inserted
2026-01-03 21:25:10,380 - INFO - Fetching 60 5m candles for DOGE/USDT
2026-01-03 21:25:10,565 - INFO - Fetched 60 candles for DOGE/USDT 5m
2026-01-03 21:25:10,568 - INFO - Removed last incomplete candle, 59 complete candles remaining
2026-01-03 21:25:10,571 - INFO - Inserted 1 candles into dogeusdt_5m
2026-01-03 21:25:10,571 - INFO - ✓ DOGE/USDT 5m candle inserted
2026-01-03 21:25:10,572 - INFO - Fetching 60 5m candles for LINK/USDT
2026-01-03 21:25:10,751 - INFO - Fetched 60 candles for LINK/USDT 5m
2026-01-03 21:25:10,759 - INFO - Removed last incomplete candle, 59 complete candles remaining
2026-01-03 21:25:10,765 - INFO - Inserted 1 candles into linkusdt_5m
2026-01-03 21:25:10,765 - INFO - ✓ LINK/USDT 5m candle inserted
2026-01-03 21:25:10,766 - INFO - Fetching 60 5m candles for ADA/USDT
2026-01-03 21:25:10,955 - INFO - Fetched 60 candles for ADA/USDT 5m
2026-01-03 21:25:10,964 - INFO - Removed last incomplete candle, 59 complete candles remaining
2026-01-03 21:25:10,969 - INFO - Inserted 1 candles into adausdt_5m
2026-01-03 21:25:10,969 - INFO - ✓ ADA/USDT 5m candle inserted
2026-01-03 21:25:10,970 - INFO - Database connection closed
2026-01-03 21:25:10,970 - INFO - === 5m insertion complete: 7 success, 0 failed ===
2026-01-03 21:30:06,971 - INFO - Initialized Binance connection
2026-01-03 21:30:06,985 - INFO - Connected to PostgreSQL
/home/thefutur/tradingbot/market_scanner/insert_5m.py:39: DeprecationWarning: datetime.datetime.utcnow() is deprecated and scheduled for removal in a future version. Use timezone-aware objects to represent datetimes in UTC: datetime.datetime.now(datetime.UTC).
  logger.info(f"=== Starting 5m candle insertion at {datetime.utcnow()} UTC ===")
2026-01-03 21:30:06,985 - INFO - === Starting 5m candle insertion at 2026-01-03 21:30:06.985939 UTC ===
2026-01-03 21:30:06,986 - INFO - Fetching 60 5m candles for BTC/USDT
2026-01-03 21:30:09,630 - INFO - Fetched 60 candles for BTC/USDT 5m
2026-01-03 21:30:09,641 - INFO - Removed last incomplete candle, 59 complete candles remaining
2026-01-03 21:30:09,688 - INFO - Inserted 1 candles into btcusdt_5m
2026-01-03 21:30:09,688 - INFO - ✓ BTC/USDT 5m candle inserted
2026-01-03 21:30:09,688 - INFO - Fetching 60 5m candles for ETH/USDT
2026-01-03 21:30:09,862 - INFO - Fetched 60 candles for ETH/USDT 5m
2026-01-03 21:30:09,871 - INFO - Removed last incomplete candle, 59 complete candles remaining
2026-01-03 21:30:09,878 - INFO - Inserted 1 candles into ethusdt_5m
2026-01-03 21:30:09,878 - INFO - ✓ ETH/USDT 5m candle inserted
2026-01-03 21:30:09,878 - INFO - Fetching 60 5m candles for LTC/USDT
2026-01-03 21:30:10,060 - INFO - Fetched 60 candles for LTC/USDT 5m
2026-01-03 21:30:10,063 - INFO - Removed last incomplete candle, 59 complete candles remaining
2026-01-03 21:30:10,066 - INFO - Inserted 1 candles into ltcusdt_5m
2026-01-03 21:30:10,066 - INFO - ✓ LTC/USDT 5m candle inserted
2026-01-03 21:30:10,066 - INFO - Fetching 60 5m candles for XRP/USDT
2026-01-03 21:30:10,240 - INFO - Fetched 60 candles for XRP/USDT 5m
2026-01-03 21:30:10,249 - INFO - Removed last incomplete candle, 59 complete candles remaining
2026-01-03 21:30:10,255 - INFO - Inserted 1 candles into xrpusdt_5m
2026-01-03 21:30:10,256 - INFO - ✓ XRP/USDT 5m candle inserted
2026-01-03 21:30:10,256 - INFO - Fetching 60 5m candles for DOGE/USDT
2026-01-03 21:30:10,444 - INFO - Fetched 60 candles for DOGE/USDT 5m
2026-01-03 21:30:10,453 - INFO - Removed last incomplete candle, 59 complete candles remaining
2026-01-03 21:30:10,459 - INFO - Inserted 1 candles into dogeusdt_5m
2026-01-03 21:30:10,459 - INFO - ✓ DOGE/USDT 5m candle inserted
2026-01-03 21:30:10,459 - INFO - Fetching 60 5m candles for LINK/USDT
2026-01-03 21:30:10,636 - INFO - Fetched 60 candles for LINK/USDT 5m
2026-01-03 21:30:10,639 - INFO - Removed last incomplete candle, 59 complete candles remaining
2026-01-03 21:30:10,643 - INFO - Inserted 1 candles into linkusdt_5m
2026-01-03 21:30:10,643 - INFO - ✓ LINK/USDT 5m candle inserted
2026-01-03 21:30:10,643 - INFO - Fetching 60 5m candles for ADA/USDT
2026-01-03 21:30:10,820 - INFO - Fetched 60 candles for ADA/USDT 5m
2026-01-03 21:30:10,830 - INFO - Removed last incomplete candle, 59 complete candles remaining
2026-01-03 21:30:10,835 - INFO - Inserted 1 candles into adausdt_5m
2026-01-03 21:30:10,836 - INFO - ✓ ADA/USDT 5m candle inserted
2026-01-03 21:30:10,836 - INFO - Database connection closed
2026-01-03 21:30:10,837 - INFO - === 5m insertion complete: 7 success, 0 failed ===
2026-01-03 21:35:06,846 - INFO - Initialized Binance connection
2026-01-03 21:35:06,860 - INFO - Connected to PostgreSQL
/home/thefutur/tradingbot/market_scanner/insert_5m.py:39: DeprecationWarning: datetime.datetime.utcnow() is deprecated and scheduled for removal in a future version. Use timezone-aware objects to represent datetimes in UTC: datetime.datetime.now(datetime.UTC).
  logger.info(f"=== Starting 5m candle insertion at {datetime.utcnow()} UTC ===")
2026-01-03 21:35:06,860 - INFO - === Starting 5m candle insertion at 2026-01-03 21:35:06.860441 UTC ===
2026-01-03 21:35:06,860 - INFO - Fetching 60 5m candles for BTC/USDT
2026-01-03 21:35:09,481 - INFO - Fetched 60 candles for BTC/USDT 5m
2026-01-03 21:35:09,486 - INFO - Removed last incomplete candle, 59 complete candles remaining
2026-01-03 21:35:09,531 - INFO - Inserted 1 candles into btcusdt_5m
2026-01-03 21:35:09,531 - INFO - ✓ BTC/USDT 5m candle inserted
2026-01-03 21:35:09,531 - INFO - Fetching 60 5m candles for ETH/USDT
2026-01-03 21:35:09,704 - INFO - Fetched 60 candles for ETH/USDT 5m
2026-01-03 21:35:09,713 - INFO - Removed last incomplete candle, 59 complete candles remaining
2026-01-03 21:35:09,718 - INFO - Inserted 1 candles into ethusdt_5m
2026-01-03 21:35:09,719 - INFO - ✓ ETH/USDT 5m candle inserted
2026-01-03 21:35:09,719 - INFO - Fetching 60 5m candles for LTC/USDT
2026-01-03 21:35:09,902 - INFO - Fetched 60 candles for LTC/USDT 5m
2026-01-03 21:35:09,905 - INFO - Removed last incomplete candle, 59 complete candles remaining
2026-01-03 21:35:09,909 - INFO - Inserted 1 candles into ltcusdt_5m
2026-01-03 21:35:09,909 - INFO - ✓ LTC/USDT 5m candle inserted
2026-01-03 21:35:09,909 - INFO - Fetching 60 5m candles for XRP/USDT
2026-01-03 21:35:10,082 - INFO - Fetched 60 candles for XRP/USDT 5m
2026-01-03 21:35:10,090 - INFO - Removed last incomplete candle, 59 complete candles remaining
2026-01-03 21:35:10,097 - INFO - Inserted 1 candles into xrpusdt_5m
2026-01-03 21:35:10,097 - INFO - ✓ XRP/USDT 5m candle inserted
2026-01-03 21:35:10,098 - INFO - Fetching 60 5m candles for DOGE/USDT
2026-01-03 21:35:10,274 - INFO - Fetched 60 candles for DOGE/USDT 5m
2026-01-03 21:35:10,282 - INFO - Removed last incomplete candle, 59 complete candles remaining
2026-01-03 21:35:10,288 - INFO - Inserted 1 candles into dogeusdt_5m
2026-01-03 21:35:10,288 - INFO - ✓ DOGE/USDT 5m candle inserted
2026-01-03 21:35:10,288 - INFO - Fetching 60 5m candles for LINK/USDT
2026-01-03 21:35:10,464 - INFO - Fetched 60 candles for LINK/USDT 5m
2026-01-03 21:35:10,467 - INFO - Removed last incomplete candle, 59 complete candles remaining
2026-01-03 21:35:10,470 - INFO - Inserted 1 candles into linkusdt_5m
2026-01-03 21:35:10,471 - INFO - ✓ LINK/USDT 5m candle inserted
2026-01-03 21:35:10,471 - INFO - Fetching 60 5m candles for ADA/USDT
2026-01-03 21:35:10,649 - INFO - Fetched 60 candles for ADA/USDT 5m
2026-01-03 21:35:10,658 - INFO - Removed last incomplete candle, 59 complete candles remaining
2026-01-03 21:35:10,664 - INFO - Inserted 1 candles into adausdt_5m
2026-01-03 21:35:10,664 - INFO - ✓ ADA/USDT 5m candle inserted
2026-01-03 21:35:10,664 - INFO - Database connection closed
2026-01-03 21:35:10,665 - INFO - === 5m insertion complete: 7 success, 0 failed ===
2026-01-03 21:40:07,679 - INFO - Initialized Binance connection
2026-01-03 21:40:07,693 - INFO - Connected to PostgreSQL
/home/thefutur/tradingbot/market_scanner/insert_5m.py:39: DeprecationWarning: datetime.datetime.utcnow() is deprecated and scheduled for removal in a future version. Use timezone-aware objects to represent datetimes in UTC: datetime.datetime.now(datetime.UTC).
  logger.info(f"=== Starting 5m candle insertion at {datetime.utcnow()} UTC ===")
2026-01-03 21:40:07,693 - INFO - === Starting 5m candle insertion at 2026-01-03 21:40:07.693292 UTC ===
2026-01-03 21:40:07,693 - INFO - Fetching 60 5m candles for BTC/USDT
2026-01-03 21:40:10,927 - INFO - Fetched 60 candles for BTC/USDT 5m
2026-01-03 21:40:10,934 - INFO - Removed last incomplete candle, 59 complete candles remaining
2026-01-03 21:40:10,980 - INFO - Inserted 1 candles into btcusdt_5m
2026-01-03 21:40:10,980 - INFO - ✓ BTC/USDT 5m candle inserted
2026-01-03 21:40:10,981 - INFO - Fetching 60 5m candles for ETH/USDT
2026-01-03 21:40:11,161 - INFO - Fetched 60 candles for ETH/USDT 5m
2026-01-03 21:40:11,170 - INFO - Removed last incomplete candle, 59 complete candles remaining
2026-01-03 21:40:11,177 - INFO - Inserted 1 candles into ethusdt_5m
2026-01-03 21:40:11,177 - INFO - ✓ ETH/USDT 5m candle inserted
2026-01-03 21:40:11,177 - INFO - Fetching 60 5m candles for LTC/USDT
2026-01-03 21:40:11,354 - INFO - Fetched 60 candles for LTC/USDT 5m
2026-01-03 21:40:11,357 - INFO - Removed last incomplete candle, 59 complete candles remaining
2026-01-03 21:40:11,361 - INFO - Inserted 1 candles into ltcusdt_5m
2026-01-03 21:40:11,361 - INFO - ✓ LTC/USDT 5m candle inserted
2026-01-03 21:40:11,361 - INFO - Fetching 60 5m candles for XRP/USDT
2026-01-03 21:40:11,539 - INFO - Fetched 60 candles for XRP/USDT 5m
2026-01-03 21:40:11,548 - INFO - Removed last incomplete candle, 59 complete candles remaining
2026-01-03 21:40:11,554 - INFO - Inserted 1 candles into xrpusdt_5m
2026-01-03 21:40:11,555 - INFO - ✓ XRP/USDT 5m candle inserted
2026-01-03 21:40:11,555 - INFO - Fetching 60 5m candles for DOGE/USDT
2026-01-03 21:40:11,742 - INFO - Fetched 60 candles for DOGE/USDT 5m
2026-01-03 21:40:11,750 - INFO - Removed last incomplete candle, 59 complete candles remaining
2026-01-03 21:40:11,757 - INFO - Inserted 1 candles into dogeusdt_5m
2026-01-03 21:40:11,757 - INFO - ✓ DOGE/USDT 5m candle inserted
2026-01-03 21:40:11,757 - INFO - Fetching 60 5m candles for LINK/USDT
2026-01-03 21:40:11,960 - INFO - Fetched 60 candles for LINK/USDT 5m
2026-01-03 21:40:11,963 - INFO - Removed last incomplete candle, 59 complete candles remaining
2026-01-03 21:40:11,965 - INFO - Inserted 1 candles into linkusdt_5m
2026-01-03 21:40:11,965 - INFO - ✓ LINK/USDT 5m candle inserted
2026-01-03 21:40:11,965 - INFO - Fetching 60 5m candles for ADA/USDT
2026-01-03 21:40:12,141 - INFO - Fetched 60 candles for ADA/USDT 5m
2026-01-03 21:40:12,150 - INFO - Removed last incomplete candle, 59 complete candles remaining
2026-01-03 21:40:12,155 - INFO - Inserted 1 candles into adausdt_5m
2026-01-03 21:40:12,155 - INFO - ✓ ADA/USDT 5m candle inserted
2026-01-03 21:40:12,155 - INFO - Database connection closed
2026-01-03 21:40:12,156 - INFO - === 5m insertion complete: 7 success, 0 failed ===
2026-01-03 21:45:07,166 - INFO - Initialized Binance connection
2026-01-03 21:45:07,180 - INFO - Connected to PostgreSQL
/home/thefutur/tradingbot/market_scanner/insert_5m.py:39: DeprecationWarning: datetime.datetime.utcnow() is deprecated and scheduled for removal in a future version. Use timezone-aware objects to represent datetimes in UTC: datetime.datetime.now(datetime.UTC).
  logger.info(f"=== Starting 5m candle insertion at {datetime.utcnow()} UTC ===")
2026-01-03 21:45:07,180 - INFO - === Starting 5m candle insertion at 2026-01-03 21:45:07.180964 UTC ===
2026-01-03 21:45:07,181 - INFO - Fetching 60 5m candles for BTC/USDT
2026-01-03 21:45:10,173 - INFO - Fetched 60 candles for BTC/USDT 5m
2026-01-03 21:45:10,183 - INFO - Removed last incomplete candle, 59 complete candles remaining
2026-01-03 21:45:10,229 - INFO - Inserted 1 candles into btcusdt_5m
2026-01-03 21:45:10,230 - INFO - ✓ BTC/USDT 5m candle inserted
2026-01-03 21:45:10,230 - INFO - Fetching 60 5m candles for ETH/USDT
2026-01-03 21:45:10,408 - INFO - Fetched 60 candles for ETH/USDT 5m
2026-01-03 21:45:10,417 - INFO - Removed last incomplete candle, 59 complete candles remaining
2026-01-03 21:45:10,422 - INFO - Inserted 1 candles into ethusdt_5m
2026-01-03 21:45:10,422 - INFO - ✓ ETH/USDT 5m candle inserted
2026-01-03 21:45:10,423 - INFO - Fetching 60 5m candles for LTC/USDT
2026-01-03 21:45:10,602 - INFO - Fetched 60 candles for LTC/USDT 5m
2026-01-03 21:45:10,605 - INFO - Removed last incomplete candle, 59 complete candles remaining
2026-01-03 21:45:10,609 - INFO - Inserted 1 candles into ltcusdt_5m
2026-01-03 21:45:10,609 - INFO - ✓ LTC/USDT 5m candle inserted
2026-01-03 21:45:10,609 - INFO - Fetching 60 5m candles for XRP/USDT
2026-01-03 21:45:10,792 - INFO - Fetched 60 candles for XRP/USDT 5m
2026-01-03 21:45:10,801 - INFO - Removed last incomplete candle, 59 complete candles remaining
2026-01-03 21:45:10,806 - INFO - Inserted 1 candles into xrpusdt_5m
2026-01-03 21:45:10,807 - INFO - ✓ XRP/USDT 5m candle inserted
2026-01-03 21:45:10,807 - INFO - Fetching 60 5m candles for DOGE/USDT
2026-01-03 21:45:11,008 - INFO - Fetched 60 candles for DOGE/USDT 5m
2026-01-03 21:45:11,017 - INFO - Removed last incomplete candle, 59 complete candles remaining
2026-01-03 21:45:11,022 - INFO - Inserted 1 candles into dogeusdt_5m
2026-01-03 21:45:11,022 - INFO - ✓ DOGE/USDT 5m candle inserted
2026-01-03 21:45:11,023 - INFO - Fetching 60 5m candles for LINK/USDT
2026-01-03 21:45:11,365 - INFO - Fetched 60 candles for LINK/USDT 5m
2026-01-03 21:45:11,369 - INFO - Removed last incomplete candle, 59 complete candles remaining
2026-01-03 21:45:11,372 - INFO - Inserted 1 candles into linkusdt_5m
2026-01-03 21:45:11,372 - INFO - ✓ LINK/USDT 5m candle inserted
2026-01-03 21:45:11,372 - INFO - Fetching 60 5m candles for ADA/USDT
2026-01-03 21:45:11,559 - INFO - Fetched 60 candles for ADA/USDT 5m
2026-01-03 21:45:11,567 - INFO - Removed last incomplete candle, 59 complete candles remaining
2026-01-03 21:45:11,572 - INFO - Inserted 1 candles into adausdt_5m
2026-01-03 21:45:11,572 - INFO - ✓ ADA/USDT 5m candle inserted
2026-01-03 21:45:11,573 - INFO - Database connection closed
2026-01-03 21:45:11,573 - INFO - === 5m insertion complete: 7 success, 0 failed ===
2026-01-03 21:50:07,578 - INFO - Initialized Binance connection
2026-01-03 21:50:07,592 - INFO - Connected to PostgreSQL
/home/thefutur/tradingbot/market_scanner/insert_5m.py:39: DeprecationWarning: datetime.datetime.utcnow() is deprecated and scheduled for removal in a future version. Use timezone-aware objects to represent datetimes in UTC: datetime.datetime.now(datetime.UTC).
  logger.info(f"=== Starting 5m candle insertion at {datetime.utcnow()} UTC ===")
2026-01-03 21:50:07,592 - INFO - === Starting 5m candle insertion at 2026-01-03 21:50:07.592554 UTC ===
2026-01-03 21:50:07,592 - INFO - Fetching 60 5m candles for BTC/USDT
2026-01-03 21:50:10,164 - INFO - Fetched 60 candles for BTC/USDT 5m
2026-01-03 21:50:10,173 - INFO - Removed last incomplete candle, 59 complete candles remaining
2026-01-03 21:50:10,219 - INFO - Inserted 1 candles into btcusdt_5m
2026-01-03 21:50:10,220 - INFO - ✓ BTC/USDT 5m candle inserted
2026-01-03 21:50:10,220 - INFO - Fetching 60 5m candles for ETH/USDT
2026-01-03 21:50:10,399 - INFO - Fetched 60 candles for ETH/USDT 5m
2026-01-03 21:50:10,407 - INFO - Removed last incomplete candle, 59 complete candles remaining
2026-01-03 21:50:10,414 - INFO - Inserted 1 candles into ethusdt_5m
2026-01-03 21:50:10,414 - INFO - ✓ ETH/USDT 5m candle inserted
2026-01-03 21:50:10,414 - INFO - Fetching 60 5m candles for LTC/USDT
2026-01-03 21:50:10,698 - INFO - Fetched 60 candles for LTC/USDT 5m
2026-01-03 21:50:10,701 - INFO - Removed last incomplete candle, 59 complete candles remaining
2026-01-03 21:50:10,705 - INFO - Inserted 1 candles into ltcusdt_5m
2026-01-03 21:50:10,705 - INFO - ✓ LTC/USDT 5m candle inserted
2026-01-03 21:50:10,705 - INFO - Fetching 60 5m candles for XRP/USDT
2026-01-03 21:50:10,883 - INFO - Fetched 60 candles for XRP/USDT 5m
2026-01-03 21:50:10,891 - INFO - Removed last incomplete candle, 59 complete candles remaining
2026-01-03 21:50:10,897 - INFO - Inserted 1 candles into xrpusdt_5m
2026-01-03 21:50:10,898 - INFO - ✓ XRP/USDT 5m candle inserted
2026-01-03 21:50:10,898 - INFO - Fetching 60 5m candles for DOGE/USDT
2026-01-03 21:50:11,157 - INFO - Fetched 60 candles for DOGE/USDT 5m
2026-01-03 21:50:11,160 - INFO - Removed last incomplete candle, 59 complete candles remaining
2026-01-03 21:50:11,163 - INFO - Inserted 1 candles into dogeusdt_5m
2026-01-03 21:50:11,163 - INFO - ✓ DOGE/USDT 5m candle inserted
2026-01-03 21:50:11,163 - INFO - Fetching 60 5m candles for LINK/USDT
2026-01-03 21:50:11,345 - INFO - Fetched 60 candles for LINK/USDT 5m
2026-01-03 21:50:11,354 - INFO - Removed last incomplete candle, 59 complete candles remaining
2026-01-03 21:50:11,360 - INFO - Inserted 1 candles into linkusdt_5m
2026-01-03 21:50:11,360 - INFO - ✓ LINK/USDT 5m candle inserted
2026-01-03 21:50:11,361 - INFO - Fetching 60 5m candles for ADA/USDT
2026-01-03 21:50:11,538 - INFO - Fetched 60 candles for ADA/USDT 5m
2026-01-03 21:50:11,547 - INFO - Removed last incomplete candle, 59 complete candles remaining
2026-01-03 21:50:11,552 - INFO - Inserted 1 candles into adausdt_5m
2026-01-03 21:50:11,552 - INFO - ✓ ADA/USDT 5m candle inserted
2026-01-03 21:50:11,552 - INFO - Database connection closed
2026-01-03 21:50:11,553 - INFO - === 5m insertion complete: 7 success, 0 failed ===
2026-01-03 21:55:07,562 - INFO - Initialized Binance connection
2026-01-03 21:55:07,576 - INFO - Connected to PostgreSQL
/home/thefutur/tradingbot/market_scanner/insert_5m.py:39: DeprecationWarning: datetime.datetime.utcnow() is deprecated and scheduled for removal in a future version. Use timezone-aware objects to represent datetimes in UTC: datetime.datetime.now(datetime.UTC).
  logger.info(f"=== Starting 5m candle insertion at {datetime.utcnow()} UTC ===")
2026-01-03 21:55:07,577 - INFO - === Starting 5m candle insertion at 2026-01-03 21:55:07.576996 UTC ===
2026-01-03 21:55:07,577 - INFO - Fetching 60 5m candles for BTC/USDT
2026-01-03 21:55:10,817 - INFO - Fetched 60 candles for BTC/USDT 5m
2026-01-03 21:55:10,820 - INFO - Removed last incomplete candle, 59 complete candles remaining
2026-01-03 21:55:10,862 - INFO - Inserted 1 candles into btcusdt_5m
2026-01-03 21:55:10,862 - INFO - ✓ BTC/USDT 5m candle inserted
2026-01-03 21:55:10,862 - INFO - Fetching 60 5m candles for ETH/USDT
2026-01-03 21:55:11,038 - INFO - Fetched 60 candles for ETH/USDT 5m
2026-01-03 21:55:11,047 - INFO - Removed last incomplete candle, 59 complete candles remaining
2026-01-03 21:55:11,052 - INFO - Inserted 1 candles into ethusdt_5m
2026-01-03 21:55:11,052 - INFO - ✓ ETH/USDT 5m candle inserted
2026-01-03 21:55:11,053 - INFO - Fetching 60 5m candles for LTC/USDT
2026-01-03 21:55:11,233 - INFO - Fetched 60 candles for LTC/USDT 5m
2026-01-03 21:55:11,241 - INFO - Removed last incomplete candle, 59 complete candles remaining
2026-01-03 21:55:11,247 - INFO - Inserted 1 candles into ltcusdt_5m
2026-01-03 21:55:11,247 - INFO - ✓ LTC/USDT 5m candle inserted
2026-01-03 21:55:11,247 - INFO - Fetching 60 5m candles for XRP/USDT
2026-01-03 21:55:11,431 - INFO - Fetched 60 candles for XRP/USDT 5m
2026-01-03 21:55:11,434 - INFO - Removed last incomplete candle, 59 complete candles remaining
2026-01-03 21:55:11,439 - INFO - Inserted 1 candles into xrpusdt_5m
2026-01-03 21:55:11,439 - INFO - ✓ XRP/USDT 5m candle inserted
2026-01-03 21:55:11,439 - INFO - Fetching 60 5m candles for DOGE/USDT
2026-01-03 21:55:11,613 - INFO - Fetched 60 candles for DOGE/USDT 5m
2026-01-03 21:55:11,621 - INFO - Removed last incomplete candle, 59 complete candles remaining
2026-01-03 21:55:11,627 - INFO - Inserted 1 candles into dogeusdt_5m
2026-01-03 21:55:11,627 - INFO - ✓ DOGE/USDT 5m candle inserted
2026-01-03 21:55:11,628 - INFO - Fetching 60 5m candles for LINK/USDT
2026-01-03 21:55:11,798 - INFO - Fetched 60 candles for LINK/USDT 5m
2026-01-03 21:55:11,807 - INFO - Removed last incomplete candle, 59 complete candles remaining
2026-01-03 21:55:11,812 - INFO - Inserted 1 candles into linkusdt_5m
2026-01-03 21:55:11,813 - INFO - ✓ LINK/USDT 5m candle inserted
2026-01-03 21:55:11,813 - INFO - Fetching 60 5m candles for ADA/USDT
2026-01-03 21:55:11,997 - INFO - Fetched 60 candles for ADA/USDT 5m
2026-01-03 21:55:11,999 - INFO - Removed last incomplete candle, 59 complete candles remaining
2026-01-03 21:55:12,002 - INFO - Inserted 1 candles into adausdt_5m
2026-01-03 21:55:12,003 - INFO - ✓ ADA/USDT 5m candle inserted
2026-01-03 21:55:12,003 - INFO - Database connection closed
2026-01-03 21:55:12,003 - INFO - === 5m insertion complete: 7 success, 0 failed ===
2026-01-03 22:00:07,053 - INFO - Initialized Binance connection
2026-01-03 22:00:07,067 - INFO - Connected to PostgreSQL
/home/thefutur/tradingbot/market_scanner/insert_5m.py:39: DeprecationWarning: datetime.datetime.utcnow() is deprecated and scheduled for removal in a future version. Use timezone-aware objects to represent datetimes in UTC: datetime.datetime.now(datetime.UTC).
  logger.info(f"=== Starting 5m candle insertion at {datetime.utcnow()} UTC ===")
2026-01-03 22:00:07,067 - INFO - === Starting 5m candle insertion at 2026-01-03 22:00:07.067839 UTC ===
2026-01-03 22:00:07,067 - INFO - Fetching 60 5m candles for BTC/USDT
2026-01-03 22:00:09,561 - INFO - Fetched 60 candles for BTC/USDT 5m
2026-01-03 22:00:09,564 - INFO - Removed last incomplete candle, 59 complete candles remaining
2026-01-03 22:00:09,605 - INFO - Inserted 1 candles into btcusdt_5m
2026-01-03 22:00:09,605 - INFO - ✓ BTC/USDT 5m candle inserted
2026-01-03 22:00:09,605 - INFO - Fetching 60 5m candles for ETH/USDT
2026-01-03 22:00:09,803 - INFO - Fetched 60 candles for ETH/USDT 5m
2026-01-03 22:00:09,807 - INFO - Removed last incomplete candle, 59 complete candles remaining
2026-01-03 22:00:09,811 - INFO - Inserted 1 candles into ethusdt_5m
2026-01-03 22:00:09,811 - INFO - ✓ ETH/USDT 5m candle inserted
2026-01-03 22:00:09,811 - INFO - Fetching 60 5m candles for LTC/USDT
2026-01-03 22:00:09,986 - INFO - Fetched 60 candles for LTC/USDT 5m
2026-01-03 22:00:09,995 - INFO - Removed last incomplete candle, 59 complete candles remaining
2026-01-03 22:00:10,002 - INFO - Inserted 1 candles into ltcusdt_5m
2026-01-03 22:00:10,002 - INFO - ✓ LTC/USDT 5m candle inserted
2026-01-03 22:00:10,002 - INFO - Fetching 60 5m candles for XRP/USDT
2026-01-03 22:00:10,178 - INFO - Fetched 60 candles for XRP/USDT 5m
2026-01-03 22:00:10,188 - INFO - Removed last incomplete candle, 59 complete candles remaining
2026-01-03 22:00:10,193 - INFO - Inserted 1 candles into xrpusdt_5m
2026-01-03 22:00:10,194 - INFO - ✓ XRP/USDT 5m candle inserted
2026-01-03 22:00:10,194 - INFO - Fetching 60 5m candles for DOGE/USDT
2026-01-03 22:00:10,368 - INFO - Fetched 60 candles for DOGE/USDT 5m
2026-01-03 22:00:10,371 - INFO - Removed last incomplete candle, 59 complete candles remaining
2026-01-03 22:00:10,375 - INFO - Inserted 1 candles into dogeusdt_5m
2026-01-03 22:00:10,375 - INFO - ✓ DOGE/USDT 5m candle inserted
2026-01-03 22:00:10,375 - INFO - Fetching 60 5m candles for LINK/USDT
2026-01-03 22:00:10,552 - INFO - Fetched 60 candles for LINK/USDT 5m
2026-01-03 22:00:10,561 - INFO - Removed last incomplete candle, 59 complete candles remaining
2026-01-03 22:00:10,567 - INFO - Inserted 1 candles into linkusdt_5m
2026-01-03 22:00:10,568 - INFO - ✓ LINK/USDT 5m candle inserted
2026-01-03 22:00:10,568 - INFO - Fetching 60 5m candles for ADA/USDT
2026-01-03 22:00:10,752 - INFO - Fetched 60 candles for ADA/USDT 5m
2026-01-03 22:00:10,762 - INFO - Removed last incomplete candle, 59 complete candles remaining
2026-01-03 22:00:10,766 - INFO - Inserted 1 candles into adausdt_5m
2026-01-03 22:00:10,766 - INFO - ✓ ADA/USDT 5m candle inserted
2026-01-03 22:00:10,766 - INFO - Database connection closed
2026-01-03 22:00:10,766 - INFO - === 5m insertion complete: 7 success, 0 failed ===
2026-01-03 22:05:07,526 - INFO - Initialized Binance connection
2026-01-03 22:05:07,540 - INFO - Connected to PostgreSQL
/home/thefutur/tradingbot/market_scanner/insert_5m.py:39: DeprecationWarning: datetime.datetime.utcnow() is deprecated and scheduled for removal in a future version. Use timezone-aware objects to represent datetimes in UTC: datetime.datetime.now(datetime.UTC).
  logger.info(f"=== Starting 5m candle insertion at {datetime.utcnow()} UTC ===")
2026-01-03 22:05:07,540 - INFO - === Starting 5m candle insertion at 2026-01-03 22:05:07.540524 UTC ===
2026-01-03 22:05:07,540 - INFO - Fetching 60 5m candles for BTC/USDT
2026-01-03 22:05:11,298 - INFO - Fetched 60 candles for BTC/USDT 5m
2026-01-03 22:05:11,309 - INFO - Removed last incomplete candle, 59 complete candles remaining
2026-01-03 22:05:11,354 - INFO - Inserted 1 candles into btcusdt_5m
2026-01-03 22:05:11,355 - INFO - ✓ BTC/USDT 5m candle inserted
2026-01-03 22:05:11,355 - INFO - Fetching 60 5m candles for ETH/USDT
2026-01-03 22:05:11,831 - INFO - Fetched 60 candles for ETH/USDT 5m
2026-01-03 22:05:11,834 - INFO - Removed last incomplete candle, 59 complete candles remaining
2026-01-03 22:05:11,837 - INFO - Inserted 1 candles into ethusdt_5m
2026-01-03 22:05:11,837 - INFO - ✓ ETH/USDT 5m candle inserted
2026-01-03 22:05:11,838 - INFO - Fetching 60 5m candles for LTC/USDT
2026-01-03 22:05:12,011 - INFO - Fetched 60 candles for LTC/USDT 5m
2026-01-03 22:05:12,020 - INFO - Removed last incomplete candle, 59 complete candles remaining
2026-01-03 22:05:12,025 - INFO - Inserted 1 candles into ltcusdt_5m
2026-01-03 22:05:12,025 - INFO - ✓ LTC/USDT 5m candle inserted
2026-01-03 22:05:12,025 - INFO - Fetching 60 5m candles for XRP/USDT
2026-01-03 22:05:12,200 - INFO - Fetched 60 candles for XRP/USDT 5m
2026-01-03 22:05:12,208 - INFO - Removed last incomplete candle, 59 complete candles remaining
2026-01-03 22:05:12,214 - INFO - Inserted 1 candles into xrpusdt_5m
2026-01-03 22:05:12,214 - INFO - ✓ XRP/USDT 5m candle inserted
2026-01-03 22:05:12,214 - INFO - Fetching 60 5m candles for DOGE/USDT
2026-01-03 22:05:12,686 - INFO - Fetched 60 candles for DOGE/USDT 5m
2026-01-03 22:05:12,690 - INFO - Removed last incomplete candle, 59 complete candles remaining
2026-01-03 22:05:12,694 - INFO - Inserted 1 candles into dogeusdt_5m
2026-01-03 22:05:12,694 - INFO - ✓ DOGE/USDT 5m candle inserted
2026-01-03 22:05:12,694 - INFO - Fetching 60 5m candles for LINK/USDT
2026-01-03 22:05:12,868 - INFO - Fetched 60 candles for LINK/USDT 5m
2026-01-03 22:05:12,877 - INFO - Removed last incomplete candle, 59 complete candles remaining
2026-01-03 22:05:12,882 - INFO - Inserted 1 candles into linkusdt_5m
2026-01-03 22:05:12,883 - INFO - ✓ LINK/USDT 5m candle inserted
2026-01-03 22:05:12,883 - INFO - Fetching 60 5m candles for ADA/USDT
2026-01-03 22:05:13,058 - INFO - Fetched 60 candles for ADA/USDT 5m
2026-01-03 22:05:13,067 - INFO - Removed last incomplete candle, 59 complete candles remaining
2026-01-03 22:05:13,073 - INFO - Inserted 1 candles into adausdt_5m
2026-01-03 22:05:13,073 - INFO - ✓ ADA/USDT 5m candle inserted
2026-01-03 22:05:13,073 - INFO - Database connection closed
2026-01-03 22:05:13,074 - INFO - === 5m insertion complete: 7 success, 0 failed ===
2026-01-03 22:10:07,071 - INFO - Initialized Binance connection
2026-01-03 22:10:07,085 - INFO - Connected to PostgreSQL
/home/thefutur/tradingbot/market_scanner/insert_5m.py:39: DeprecationWarning: datetime.datetime.utcnow() is deprecated and scheduled for removal in a future version. Use timezone-aware objects to represent datetimes in UTC: datetime.datetime.now(datetime.UTC).
  logger.info(f"=== Starting 5m candle insertion at {datetime.utcnow()} UTC ===")
2026-01-03 22:10:07,085 - INFO - === Starting 5m candle insertion at 2026-01-03 22:10:07.085854 UTC ===
2026-01-03 22:10:07,085 - INFO - Fetching 60 5m candles for BTC/USDT
2026-01-03 22:10:09,767 - INFO - Fetched 60 candles for BTC/USDT 5m
2026-01-03 22:10:09,772 - INFO - Removed last incomplete candle, 59 complete candles remaining
2026-01-03 22:10:09,815 - INFO - Inserted 1 candles into btcusdt_5m
2026-01-03 22:10:09,815 - INFO - ✓ BTC/USDT 5m candle inserted
2026-01-03 22:10:09,815 - INFO - Fetching 60 5m candles for ETH/USDT
2026-01-03 22:10:10,004 - INFO - Fetched 60 candles for ETH/USDT 5m
2026-01-03 22:10:10,012 - INFO - Removed last incomplete candle, 59 complete candles remaining
2026-01-03 22:10:10,018 - INFO - Inserted 1 candles into ethusdt_5m
2026-01-03 22:10:10,018 - INFO - ✓ ETH/USDT 5m candle inserted
2026-01-03 22:10:10,019 - INFO - Fetching 60 5m candles for LTC/USDT
2026-01-03 22:10:10,214 - INFO - Fetched 60 candles for LTC/USDT 5m
2026-01-03 22:10:10,216 - INFO - Removed last incomplete candle, 59 complete candles remaining
2026-01-03 22:10:10,220 - INFO - Inserted 1 candles into ltcusdt_5m
2026-01-03 22:10:10,220 - INFO - ✓ LTC/USDT 5m candle inserted
2026-01-03 22:10:10,220 - INFO - Fetching 60 5m candles for XRP/USDT
2026-01-03 22:10:10,415 - INFO - Fetched 60 candles for XRP/USDT 5m
2026-01-03 22:10:10,424 - INFO - Removed last incomplete candle, 59 complete candles remaining
2026-01-03 22:10:10,430 - INFO - Inserted 1 candles into xrpusdt_5m
2026-01-03 22:10:10,430 - INFO - ✓ XRP/USDT 5m candle inserted
2026-01-03 22:10:10,430 - INFO - Fetching 60 5m candles for DOGE/USDT
2026-01-03 22:10:10,619 - INFO - Fetched 60 candles for DOGE/USDT 5m
2026-01-03 22:10:10,628 - INFO - Removed last incomplete candle, 59 complete candles remaining
2026-01-03 22:10:10,634 - INFO - Inserted 1 candles into dogeusdt_5m
2026-01-03 22:10:10,634 - INFO - ✓ DOGE/USDT 5m candle inserted
2026-01-03 22:10:10,634 - INFO - Fetching 60 5m candles for LINK/USDT
2026-01-03 22:10:10,820 - INFO - Fetched 60 candles for LINK/USDT 5m
2026-01-03 22:10:10,822 - INFO - Removed last incomplete candle, 59 complete candles remaining
2026-01-03 22:10:10,826 - INFO - Inserted 1 candles into linkusdt_5m
2026-01-03 22:10:10,826 - INFO - ✓ LINK/USDT 5m candle inserted
2026-01-03 22:10:10,826 - INFO - Fetching 60 5m candles for ADA/USDT
2026-01-03 22:10:11,156 - INFO - Fetched 60 candles for ADA/USDT 5m
2026-01-03 22:10:11,165 - INFO - Removed last incomplete candle, 59 complete candles remaining
2026-01-03 22:10:11,171 - INFO - Inserted 1 candles into adausdt_5m
2026-01-03 22:10:11,172 - INFO - ✓ ADA/USDT 5m candle inserted
2026-01-03 22:10:11,172 - INFO - Database connection closed
2026-01-03 22:10:11,172 - INFO - === 5m insertion complete: 7 success, 0 failed ===
2026-01-03 22:15:07,166 - INFO - Initialized Binance connection
2026-01-03 22:15:07,180 - INFO - Connected to PostgreSQL
/home/thefutur/tradingbot/market_scanner/insert_5m.py:39: DeprecationWarning: datetime.datetime.utcnow() is deprecated and scheduled for removal in a future version. Use timezone-aware objects to represent datetimes in UTC: datetime.datetime.now(datetime.UTC).
  logger.info(f"=== Starting 5m candle insertion at {datetime.utcnow()} UTC ===")
2026-01-03 22:15:07,180 - INFO - === Starting 5m candle insertion at 2026-01-03 22:15:07.180568 UTC ===
2026-01-03 22:15:07,180 - INFO - Fetching 60 5m candles for BTC/USDT
2026-01-03 22:15:14,904 - INFO - Fetched 60 candles for BTC/USDT 5m
2026-01-03 22:15:14,911 - INFO - Removed last incomplete candle, 59 complete candles remaining
2026-01-03 22:15:14,917 - INFO - Inserted 1 candles into btcusdt_5m
2026-01-03 22:15:14,917 - INFO - ✓ BTC/USDT 5m candle inserted
2026-01-03 22:15:14,917 - INFO - Fetching 60 5m candles for ETH/USDT
2026-01-03 22:15:15,111 - INFO - Fetched 60 candles for ETH/USDT 5m
2026-01-03 22:15:15,119 - INFO - Removed last incomplete candle, 59 complete candles remaining
2026-01-03 22:15:15,125 - INFO - Inserted 1 candles into ethusdt_5m
2026-01-03 22:15:15,125 - INFO - ✓ ETH/USDT 5m candle inserted
2026-01-03 22:15:15,125 - INFO - Fetching 60 5m candles for LTC/USDT
2026-01-03 22:15:15,315 - INFO - Fetched 60 candles for LTC/USDT 5m
2026-01-03 22:15:15,318 - INFO - Removed last incomplete candle, 59 complete candles remaining
2026-01-03 22:15:15,322 - INFO - Inserted 1 candles into ltcusdt_5m
2026-01-03 22:15:15,322 - INFO - ✓ LTC/USDT 5m candle inserted
2026-01-03 22:15:15,322 - INFO - Fetching 60 5m candles for XRP/USDT
2026-01-03 22:15:15,495 - INFO - Fetched 60 candles for XRP/USDT 5m
2026-01-03 22:15:15,503 - INFO - Removed last incomplete candle, 59 complete candles remaining
2026-01-03 22:15:15,509 - INFO - Inserted 1 candles into xrpusdt_5m
2026-01-03 22:15:15,509 - INFO - ✓ XRP/USDT 5m candle inserted
2026-01-03 22:15:15,510 - INFO - Fetching 60 5m candles for DOGE/USDT
2026-01-03 22:15:15,689 - INFO - Fetched 60 candles for DOGE/USDT 5m
2026-01-03 22:15:15,698 - INFO - Removed last incomplete candle, 59 complete candles remaining
2026-01-03 22:15:15,703 - INFO - Inserted 1 candles into dogeusdt_5m
2026-01-03 22:15:15,703 - INFO - ✓ DOGE/USDT 5m candle inserted
2026-01-03 22:15:15,703 - INFO - Fetching 60 5m candles for LINK/USDT
2026-01-03 22:15:15,878 - INFO - Fetched 60 candles for LINK/USDT 5m
2026-01-03 22:15:15,881 - INFO - Removed last incomplete candle, 59 complete candles remaining
2026-01-03 22:15:15,884 - INFO - Inserted 1 candles into linkusdt_5m
2026-01-03 22:15:15,884 - INFO - ✓ LINK/USDT 5m candle inserted
2026-01-03 22:15:15,884 - INFO - Fetching 60 5m candles for ADA/USDT
2026-01-03 22:15:16,065 - INFO - Fetched 60 candles for ADA/USDT 5m
2026-01-03 22:15:16,073 - INFO - Removed last incomplete candle, 59 complete candles remaining
2026-01-03 22:15:16,079 - INFO - Inserted 1 candles into adausdt_5m
2026-01-03 22:15:16,079 - INFO - ✓ ADA/USDT 5m candle inserted
2026-01-03 22:15:16,080 - INFO - Database connection closed
2026-01-03 22:15:16,080 - INFO - === 5m insertion complete: 7 success, 0 failed ===
2026-01-03 22:20:07,098 - INFO - Initialized Binance connection
2026-01-03 22:20:07,112 - INFO - Connected to PostgreSQL
/home/thefutur/tradingbot/market_scanner/insert_5m.py:39: DeprecationWarning: datetime.datetime.utcnow() is deprecated and scheduled for removal in a future version. Use timezone-aware objects to represent datetimes in UTC: datetime.datetime.now(datetime.UTC).
  logger.info(f"=== Starting 5m candle insertion at {datetime.utcnow()} UTC ===")
2026-01-03 22:20:07,112 - INFO - === Starting 5m candle insertion at 2026-01-03 22:20:07.112352 UTC ===
2026-01-03 22:20:07,112 - INFO - Fetching 60 5m candles for BTC/USDT
2026-01-03 22:20:10,617 - INFO - Fetched 60 candles for BTC/USDT 5m
2026-01-03 22:20:10,627 - INFO - Removed last incomplete candle, 59 complete candles remaining
2026-01-03 22:20:10,634 - INFO - Inserted 1 candles into btcusdt_5m
2026-01-03 22:20:10,634 - INFO - ✓ BTC/USDT 5m candle inserted
2026-01-03 22:20:10,634 - INFO - Fetching 60 5m candles for ETH/USDT
2026-01-03 22:20:10,816 - INFO - Fetched 60 candles for ETH/USDT 5m
2026-01-03 22:20:10,825 - INFO - Removed last incomplete candle, 59 complete candles remaining
2026-01-03 22:20:10,829 - INFO - Inserted 1 candles into ethusdt_5m
2026-01-03 22:20:10,830 - INFO - ✓ ETH/USDT 5m candle inserted
2026-01-03 22:20:10,830 - INFO - Fetching 60 5m candles for LTC/USDT
2026-01-03 22:20:11,007 - INFO - Fetched 60 candles for LTC/USDT 5m
2026-01-03 22:20:11,010 - INFO - Removed last incomplete candle, 59 complete candles remaining
2026-01-03 22:20:11,013 - INFO - Inserted 1 candles into ltcusdt_5m
2026-01-03 22:20:11,013 - INFO - ✓ LTC/USDT 5m candle inserted
2026-01-03 22:20:11,013 - INFO - Fetching 60 5m candles for XRP/USDT
2026-01-03 22:20:11,201 - INFO - Fetched 60 candles for XRP/USDT 5m
2026-01-03 22:20:11,210 - INFO - Removed last incomplete candle, 59 complete candles remaining
2026-01-03 22:20:11,216 - INFO - Inserted 1 candles into xrpusdt_5m
2026-01-03 22:20:11,216 - INFO - ✓ XRP/USDT 5m candle inserted
2026-01-03 22:20:11,216 - INFO - Fetching 60 5m candles for DOGE/USDT
2026-01-03 22:20:11,390 - INFO - Fetched 60 candles for DOGE/USDT 5m
2026-01-03 22:20:11,399 - INFO - Removed last incomplete candle, 59 complete candles remaining
2026-01-03 22:20:11,404 - INFO - Inserted 1 candles into dogeusdt_5m
2026-01-03 22:20:11,404 - INFO - ✓ DOGE/USDT 5m candle inserted
2026-01-03 22:20:11,404 - INFO - Fetching 60 5m candles for LINK/USDT
2026-01-03 22:20:11,609 - INFO - Fetched 60 candles for LINK/USDT 5m
2026-01-03 22:20:11,612 - INFO - Removed last incomplete candle, 59 complete candles remaining
2026-01-03 22:20:11,616 - INFO - Inserted 1 candles into linkusdt_5m
2026-01-03 22:20:11,616 - INFO - ✓ LINK/USDT 5m candle inserted
2026-01-03 22:20:11,616 - INFO - Fetching 60 5m candles for ADA/USDT
2026-01-03 22:20:11,798 - INFO - Fetched 60 candles for ADA/USDT 5m
2026-01-03 22:20:11,807 - INFO - Removed last incomplete candle, 59 complete candles remaining
2026-01-03 22:20:11,813 - INFO - Inserted 1 candles into adausdt_5m
2026-01-03 22:20:11,813 - INFO - ✓ ADA/USDT 5m candle inserted
2026-01-03 22:20:11,814 - INFO - Database connection closed
2026-01-03 22:20:11,814 - INFO - === 5m insertion complete: 7 success, 0 failed ===
2026-01-03 22:25:06,815 - INFO - Initialized Binance connection
2026-01-03 22:25:06,829 - INFO - Connected to PostgreSQL
/home/thefutur/tradingbot/market_scanner/insert_5m.py:39: DeprecationWarning: datetime.datetime.utcnow() is deprecated and scheduled for removal in a future version. Use timezone-aware objects to represent datetimes in UTC: datetime.datetime.now(datetime.UTC).
  logger.info(f"=== Starting 5m candle insertion at {datetime.utcnow()} UTC ===")
2026-01-03 22:25:06,829 - INFO - === Starting 5m candle insertion at 2026-01-03 22:25:06.829783 UTC ===
2026-01-03 22:25:06,829 - INFO - Fetching 60 5m candles for BTC/USDT
2026-01-03 22:25:09,926 - INFO - Fetched 60 candles for BTC/USDT 5m
2026-01-03 22:25:09,937 - INFO - Removed last incomplete candle, 59 complete candles remaining
2026-01-03 22:25:09,983 - INFO - Inserted 1 candles into btcusdt_5m
2026-01-03 22:25:09,983 - INFO - ✓ BTC/USDT 5m candle inserted
2026-01-03 22:25:09,983 - INFO - Fetching 60 5m candles for ETH/USDT
2026-01-03 22:25:10,162 - INFO - Fetched 60 candles for ETH/USDT 5m
2026-01-03 22:25:10,171 - INFO - Removed last incomplete candle, 59 complete candles remaining
2026-01-03 22:25:10,177 - INFO - Inserted 1 candles into ethusdt_5m
2026-01-03 22:25:10,177 - INFO - ✓ ETH/USDT 5m candle inserted
2026-01-03 22:25:10,177 - INFO - Fetching 60 5m candles for LTC/USDT
2026-01-03 22:25:10,368 - INFO - Fetched 60 candles for LTC/USDT 5m
2026-01-03 22:25:10,371 - INFO - Removed last incomplete candle, 59 complete candles remaining
2026-01-03 22:25:10,375 - INFO - Inserted 1 candles into ltcusdt_5m
2026-01-03 22:25:10,375 - INFO - ✓ LTC/USDT 5m candle inserted
2026-01-03 22:25:10,375 - INFO - Fetching 60 5m candles for XRP/USDT
2026-01-03 22:25:10,568 - INFO - Fetched 60 candles for XRP/USDT 5m
2026-01-03 22:25:10,576 - INFO - Removed last incomplete candle, 59 complete candles remaining
2026-01-03 22:25:10,582 - INFO - Inserted 1 candles into xrpusdt_5m
2026-01-03 22:25:10,582 - INFO - ✓ XRP/USDT 5m candle inserted
2026-01-03 22:25:10,582 - INFO - Fetching 60 5m candles for DOGE/USDT
2026-01-03 22:25:10,774 - INFO - Fetched 60 candles for DOGE/USDT 5m
2026-01-03 22:25:10,784 - INFO - Removed last incomplete candle, 59 complete candles remaining
2026-01-03 22:25:10,790 - INFO - Inserted 1 candles into dogeusdt_5m
2026-01-03 22:25:10,790 - INFO - ✓ DOGE/USDT 5m candle inserted
2026-01-03 22:25:10,790 - INFO - Fetching 60 5m candles for LINK/USDT
2026-01-03 22:25:10,967 - INFO - Fetched 60 candles for LINK/USDT 5m
2026-01-03 22:25:10,970 - INFO - Removed last incomplete candle, 59 complete candles remaining
2026-01-03 22:25:10,974 - INFO - Inserted 1 candles into linkusdt_5m
2026-01-03 22:25:10,974 - INFO - ✓ LINK/USDT 5m candle inserted
2026-01-03 22:25:10,974 - INFO - Fetching 60 5m candles for ADA/USDT
2026-01-03 22:25:11,167 - INFO - Fetched 60 candles for ADA/USDT 5m
2026-01-03 22:25:11,176 - INFO - Removed last incomplete candle, 59 complete candles remaining
2026-01-03 22:25:11,181 - INFO - Inserted 1 candles into adausdt_5m
2026-01-03 22:25:11,181 - INFO - ✓ ADA/USDT 5m candle inserted
2026-01-03 22:25:11,181 - INFO - Database connection closed
2026-01-03 22:25:11,182 - INFO - === 5m insertion complete: 7 success, 0 failed ===
2026-01-03 22:30:07,206 - INFO - Initialized Binance connection
2026-01-03 22:30:07,220 - INFO - Connected to PostgreSQL
/home/thefutur/tradingbot/market_scanner/insert_5m.py:39: DeprecationWarning: datetime.datetime.utcnow() is deprecated and scheduled for removal in a future version. Use timezone-aware objects to represent datetimes in UTC: datetime.datetime.now(datetime.UTC).
  logger.info(f"=== Starting 5m candle insertion at {datetime.utcnow()} UTC ===")
2026-01-03 22:30:07,220 - INFO - === Starting 5m candle insertion at 2026-01-03 22:30:07.220615 UTC ===
2026-01-03 22:30:07,220 - INFO - Fetching 60 5m candles for BTC/USDT
2026-01-03 22:30:09,930 - INFO - Fetched 60 candles for BTC/USDT 5m
2026-01-03 22:30:09,939 - INFO - Removed last incomplete candle, 59 complete candles remaining
2026-01-03 22:30:09,985 - INFO - Inserted 1 candles into btcusdt_5m
2026-01-03 22:30:09,985 - INFO - ✓ BTC/USDT 5m candle inserted
2026-01-03 22:30:09,985 - INFO - Fetching 60 5m candles for ETH/USDT
2026-01-03 22:30:10,170 - INFO - Fetched 60 candles for ETH/USDT 5m
2026-01-03 22:30:10,179 - INFO - Removed last incomplete candle, 59 complete candles remaining
2026-01-03 22:30:10,184 - INFO - Inserted 1 candles into ethusdt_5m
2026-01-03 22:30:10,185 - INFO - ✓ ETH/USDT 5m candle inserted
2026-01-03 22:30:10,185 - INFO - Fetching 60 5m candles for LTC/USDT
2026-01-03 22:30:10,361 - INFO - Fetched 60 candles for LTC/USDT 5m
2026-01-03 22:30:10,364 - INFO - Removed last incomplete candle, 59 complete candles remaining
2026-01-03 22:30:10,368 - INFO - Inserted 1 candles into ltcusdt_5m
2026-01-03 22:30:10,368 - INFO - ✓ LTC/USDT 5m candle inserted
2026-01-03 22:30:10,368 - INFO - Fetching 60 5m candles for XRP/USDT
2026-01-03 22:30:10,580 - INFO - Fetched 60 candles for XRP/USDT 5m
2026-01-03 22:30:10,589 - INFO - Removed last incomplete candle, 59 complete candles remaining
2026-01-03 22:30:10,595 - INFO - Inserted 1 candles into xrpusdt_5m
2026-01-03 22:30:10,595 - INFO - ✓ XRP/USDT 5m candle inserted
2026-01-03 22:30:10,595 - INFO - Fetching 60 5m candles for DOGE/USDT
2026-01-03 22:30:10,772 - INFO - Fetched 60 candles for DOGE/USDT 5m
2026-01-03 22:30:10,781 - INFO - Removed last incomplete candle, 59 complete candles remaining
2026-01-03 22:30:10,787 - INFO - Inserted 1 candles into dogeusdt_5m
2026-01-03 22:30:10,787 - INFO - ✓ DOGE/USDT 5m candle inserted
2026-01-03 22:30:10,787 - INFO - Fetching 60 5m candles for LINK/USDT
2026-01-03 22:30:10,983 - INFO - Fetched 60 candles for LINK/USDT 5m
2026-01-03 22:30:10,986 - INFO - Removed last incomplete candle, 59 complete candles remaining
2026-01-03 22:30:10,989 - INFO - Inserted 1 candles into linkusdt_5m
2026-01-03 22:30:10,990 - INFO - ✓ LINK/USDT 5m candle inserted
2026-01-03 22:30:10,990 - INFO - Fetching 60 5m candles for ADA/USDT
2026-01-03 22:30:11,169 - INFO - Fetched 60 candles for ADA/USDT 5m
2026-01-03 22:30:11,178 - INFO - Removed last incomplete candle, 59 complete candles remaining
2026-01-03 22:30:11,184 - INFO - Inserted 1 candles into adausdt_5m
2026-01-03 22:30:11,184 - INFO - ✓ ADA/USDT 5m candle inserted
2026-01-03 22:30:11,185 - INFO - Database connection closed
2026-01-03 22:30:11,185 - INFO - === 5m insertion complete: 7 success, 0 failed ===
2026-01-03 22:35:07,187 - INFO - Initialized Binance connection
2026-01-03 22:35:07,201 - INFO - Connected to PostgreSQL
/home/thefutur/tradingbot/market_scanner/insert_5m.py:39: DeprecationWarning: datetime.datetime.utcnow() is deprecated and scheduled for removal in a future version. Use timezone-aware objects to represent datetimes in UTC: datetime.datetime.now(datetime.UTC).
  logger.info(f"=== Starting 5m candle insertion at {datetime.utcnow()} UTC ===")
2026-01-03 22:35:07,201 - INFO - === Starting 5m candle insertion at 2026-01-03 22:35:07.201764 UTC ===
2026-01-03 22:35:07,201 - INFO - Fetching 60 5m candles for BTC/USDT
2026-01-03 22:35:10,064 - INFO - Fetched 60 candles for BTC/USDT 5m
2026-01-03 22:35:10,074 - INFO - Removed last incomplete candle, 59 complete candles remaining
2026-01-03 22:35:10,082 - INFO - Inserted 1 candles into btcusdt_5m
2026-01-03 22:35:10,082 - INFO - ✓ BTC/USDT 5m candle inserted
2026-01-03 22:35:10,082 - INFO - Fetching 60 5m candles for ETH/USDT
2026-01-03 22:35:10,571 - INFO - Fetched 60 candles for ETH/USDT 5m
2026-01-03 22:35:10,574 - INFO - Removed last incomplete candle, 59 complete candles remaining
2026-01-03 22:35:10,578 - INFO - Inserted 1 candles into ethusdt_5m
2026-01-03 22:35:10,578 - INFO - ✓ ETH/USDT 5m candle inserted
2026-01-03 22:35:10,578 - INFO - Fetching 60 5m candles for LTC/USDT
2026-01-03 22:35:11,071 - INFO - Fetched 60 candles for LTC/USDT 5m
2026-01-03 22:35:11,074 - INFO - Removed last incomplete candle, 59 complete candles remaining
2026-01-03 22:35:11,077 - INFO - Inserted 1 candles into ltcusdt_5m
2026-01-03 22:35:11,077 - INFO - ✓ LTC/USDT 5m candle inserted
2026-01-03 22:35:11,077 - INFO - Fetching 60 5m candles for XRP/USDT
2026-01-03 22:35:11,254 - INFO - Fetched 60 candles for XRP/USDT 5m
2026-01-03 22:35:11,263 - INFO - Removed last incomplete candle, 59 complete candles remaining
2026-01-03 22:35:11,270 - INFO - Inserted 1 candles into xrpusdt_5m
2026-01-03 22:35:11,270 - INFO - ✓ XRP/USDT 5m candle inserted
2026-01-03 22:35:11,271 - INFO - Fetching 60 5m candles for DOGE/USDT
2026-01-03 22:35:11,462 - INFO - Fetched 60 candles for DOGE/USDT 5m
2026-01-03 22:35:11,471 - INFO - Removed last incomplete candle, 59 complete candles remaining
2026-01-03 22:35:11,476 - INFO - Inserted 1 candles into dogeusdt_5m
2026-01-03 22:35:11,477 - INFO - ✓ DOGE/USDT 5m candle inserted
2026-01-03 22:35:11,477 - INFO - Fetching 60 5m candles for LINK/USDT
2026-01-03 22:35:11,656 - INFO - Fetched 60 candles for LINK/USDT 5m
2026-01-03 22:35:11,659 - INFO - Removed last incomplete candle, 59 complete candles remaining
2026-01-03 22:35:11,661 - INFO - Inserted 1 candles into linkusdt_5m
2026-01-03 22:35:11,662 - INFO - ✓ LINK/USDT 5m candle inserted
2026-01-03 22:35:11,662 - INFO - Fetching 60 5m candles for ADA/USDT
2026-01-03 22:35:11,836 - INFO - Fetched 60 candles for ADA/USDT 5m
2026-01-03 22:35:11,845 - INFO - Removed last incomplete candle, 59 complete candles remaining
2026-01-03 22:35:11,851 - INFO - Inserted 1 candles into adausdt_5m
2026-01-03 22:35:11,851 - INFO - ✓ ADA/USDT 5m candle inserted
2026-01-03 22:35:11,852 - INFO - Database connection closed
2026-01-03 22:35:11,852 - INFO - === 5m insertion complete: 7 success, 0 failed ===
